<?xml version="1.0" encoding="UTF-8"?>
<coverage generated="1466685100">
  <project timestamp="1466685100">
    <package name="Zver">
      <file name="C:\OpenServer\domains\file-cache\src\Zver/FileCache.php">
        <class name="FileCache" namespace="Zver" fullPackage="Zver" package="Zver">
          <metrics complexity="40" methods="22" coveredmethods="22" conditionals="0" coveredconditionals="0" statements="97" coveredstatements="97" elements="119" coveredelements="119"/>
        </class>
        <line num="45" type="method" name="disable" visibility="public" complexity="1" crap="1" count="1"/>
        <line num="47" type="stmt" count="1"/>
        <line num="48" type="stmt" count="1"/>
        <line num="53" type="method" name="enable" visibility="public" complexity="1" crap="1" count="1"/>
        <line num="55" type="stmt" count="1"/>
        <line num="56" type="stmt" count="1"/>
        <line num="66" type="method" name="set" visibility="public" complexity="2" crap="2" count="12"/>
        <line num="68" type="stmt" count="12"/>
        <line num="69" type="stmt" count="12"/>
        <line num="70" type="stmt" count="11"/>
        <line num="72" type="stmt" count="10"/>
        <line num="74" type="stmt" count="1"/>
        <line num="86" type="method" name="setValue" visibility="protected" complexity="1" crap="1" count="16"/>
        <line num="88" type="stmt" count="16"/>
        <line num="89" type="stmt" count="16"/>
        <line num="90" type="stmt" count="15"/>
        <line num="92" type="stmt" count="15"/>
        <line num="104" type="method" name="getCachePath" visibility="protected" complexity="3" crap="3" count="19"/>
        <line num="106" type="stmt" count="19"/>
        <line num="107" type="stmt" count="19"/>
        <line num="108" type="stmt" count="19"/>
        <line num="109" type="stmt" count="16"/>
        <line num="110" type="stmt" count="16"/>
        <line num="112" type="stmt" count="19"/>
        <line num="114" type="stmt" count="18"/>
        <line num="115" type="stmt" count="18"/>
        <line num="116" type="stmt" count="17"/>
        <line num="117" type="stmt" count="17"/>
        <line num="118" type="stmt" count="17"/>
        <line num="119" type="stmt" count="17"/>
        <line num="120" type="stmt" count="17"/>
        <line num="122" type="stmt" count="18"/>
        <line num="130" type="method" name="checkPath" visibility="protected" complexity="3" crap="3" count="15"/>
        <line num="132" type="stmt" count="15"/>
        <line num="133" type="stmt" count="15"/>
        <line num="134" type="stmt" count="14"/>
        <line num="135" type="stmt" count="14"/>
        <line num="136" type="stmt" count="14"/>
        <line num="137" type="stmt" count="14"/>
        <line num="138" type="stmt" count="14"/>
        <line num="139" type="stmt" count="14"/>
        <line num="140" type="stmt" count="15"/>
        <line num="148" type="method" name="getDirectory" visibility="public" complexity="2" crap="2" count="22"/>
        <line num="150" type="stmt" count="22"/>
        <line num="151" type="stmt" count="22"/>
        <line num="152" type="stmt" count="1"/>
        <line num="155" type="stmt" count="21"/>
        <line num="163" type="method" name="setDirectory" visibility="public" complexity="1" crap="1" count="1"/>
        <line num="165" type="stmt" count="1"/>
        <line num="166" type="stmt" count="1"/>
        <line num="175" type="method" name="getHash" visibility="protected" complexity="1" crap="1" count="18"/>
        <line num="177" type="stmt" count="18"/>
        <line num="187" type="method" name="splitToDirectories" visibility="protected" complexity="1" crap="1" count="17"/>
        <line num="189" type="stmt" count="17"/>
        <line num="201" type="method" name="setGroup" visibility="public" complexity="2" crap="2" count="7"/>
        <line num="203" type="stmt" count="7"/>
        <line num="204" type="stmt" count="7"/>
        <line num="205" type="stmt" count="6"/>
        <line num="207" type="stmt" count="6"/>
        <line num="209" type="stmt" count="1"/>
        <line num="217" type="method" name="get" visibility="public" complexity="1" crap="1" count="12"/>
        <line num="219" type="stmt" count="12"/>
        <line num="230" type="method" name="getValue" visibility="protected" complexity="3" crap="3" count="16"/>
        <line num="232" type="stmt" count="16"/>
        <line num="233" type="stmt" count="16"/>
        <line num="234" type="stmt" count="16"/>
        <line num="235" type="stmt" count="16"/>
        <line num="236" type="stmt" count="16"/>
        <line num="237" type="stmt" count="14"/>
        <line num="239" type="stmt" count="10"/>
        <line num="241" type="stmt" count="11"/>
        <line num="249" type="method" name="getGroup" visibility="public" complexity="1" crap="1" count="7"/>
        <line num="251" type="stmt" count="7"/>
        <line num="259" type="method" name="clearAll" visibility="public" complexity="1" crap="1" count="18"/>
        <line num="261" type="stmt" count="18"/>
        <line num="262" type="stmt" count="18"/>
        <line num="269" type="method" name="remove" visibility="protected" complexity="4" crap="4" count="18"/>
        <line num="271" type="stmt" count="18"/>
        <line num="272" type="stmt" count="18"/>
        <line num="274" type="stmt" count="13"/>
        <line num="275" type="stmt" count="13"/>
        <line num="276" type="stmt" count="13"/>
        <line num="277" type="stmt" count="13"/>
        <line num="280" type="stmt" count="13"/>
        <line num="281" type="stmt" count="13"/>
        <line num="283" type="stmt" count="13"/>
        <line num="284" type="stmt" count="13"/>
        <line num="285" type="stmt" count="13"/>
        <line num="287" type="stmt" count="13"/>
        <line num="288" type="stmt" count="18"/>
        <line num="295" type="method" name="clearGroup" visibility="public" complexity="1" crap="1" count="3"/>
        <line num="297" type="stmt" count="3"/>
        <line num="298" type="stmt" count="3"/>
        <line num="304" type="method" name="clearKey" visibility="public" complexity="1" crap="1" count="2"/>
        <line num="306" type="stmt" count="2"/>
        <line num="307" type="stmt" count="2"/>
        <line num="312" type="method" name="clearGroupKey" visibility="public" complexity="1" crap="1" count="1"/>
        <line num="314" type="stmt" count="1"/>
        <line num="315" type="stmt" count="1"/>
        <line num="326" type="method" name="retrieve" visibility="public" complexity="3" crap="3" count="4"/>
        <line num="328" type="stmt" count="4"/>
        <line num="329" type="stmt" count="4"/>
        <line num="330" type="stmt" count="3"/>
        <line num="332" type="stmt" count="1"/>
        <line num="345" type="method" name="retrieveValue" visibility="protected" complexity="3" crap="3" count="4"/>
        <line num="347" type="stmt" count="4"/>
        <line num="348" type="stmt" count="4"/>
        <line num="349" type="stmt" count="4"/>
        <line num="350" type="stmt" count="4"/>
        <line num="351" type="stmt" count="4"/>
        <line num="352" type="stmt" count="4"/>
        <line num="353" type="stmt" count="4"/>
        <line num="354" type="stmt" count="4"/>
        <line num="356" type="stmt" count="4"/>
        <line num="369" type="method" name="retrieveGroup" visibility="public" complexity="3" crap="3" count="3"/>
        <line num="371" type="stmt" count="3"/>
        <line num="372" type="stmt" count="3"/>
        <line num="373" type="stmt" count="2"/>
        <line num="375" type="stmt" count="1"/>
        <metrics loc="379" ncloc="214" classes="1" methods="22" coveredmethods="22" conditionals="0" coveredconditionals="0" statements="97" coveredstatements="97" elements="119" coveredelements="119"/>
      </file>
    </package>
    <metrics files="1" loc="379" ncloc="214" classes="1" methods="22" coveredmethods="22" conditionals="0" coveredconditionals="0" statements="97" coveredstatements="97" elements="119" coveredelements="119"/>
  </project>
</coverage>
